2023-06-08 09:58:58,906 [INFO] Activator:176 - 


2023-06-08 09:58:58,912 [INFO] Activator:177 - !SESSION log4j initialized
2023-06-08 09:59:02,805 [ERROR] LogOutputStream:75 - [STDERR_REDIRECT] 
2023-06-08 09:59:03,417 [INFO] LogOutputStream:77 - [STDOUT_REDIRECT] 
2023-06-08 09:59:07,143 [INFO] LogOutputStream:77 - [STDOUT_REDIRECT] 
2023-06-08 09:59:29,500 [ERROR] LogOutputStream:75 - [STDERR_REDIRECT] SLF4J: Failed to load class "org.slf4j.impl.StaticLoggerBinder".
2023-06-08 09:59:29,500 [ERROR] LogOutputStream:75 - [STDERR_REDIRECT] SLF4J: Defaulting to no-operation (NOP) logger implementation
2023-06-08 09:59:29,500 [ERROR] LogOutputStream:75 - [STDERR_REDIRECT] SLF4J: See http://www.slf4j.org/codes.html#StaticLoggerBinder for further details.
2023-06-08 10:03:15,025 [ERROR] ConfigurationRetriever:142 - IOException on connection: Read timed out
2023-06-08 10:03:17,807 [ERROR] ConfigurationRetriever:142 - IOException on connection: Read timed out
2023-06-08 10:03:39,229 [ERROR] ConfigurationRetriever:142 - IOException on connection: Read timed out
2023-06-08 15:17:05,955 [INFO] Activator:176 - 


2023-06-08 15:17:05,958 [INFO] Activator:177 - !SESSION log4j initialized
2023-06-08 15:17:11,264 [ERROR] LogOutputStream:75 - [STDERR_REDIRECT] 
2023-06-08 15:17:12,126 [INFO] LogOutputStream:77 - [STDOUT_REDIRECT] 
2023-06-08 15:17:14,293 [INFO] LogOutputStream:77 - [STDOUT_REDIRECT] 
2023-06-08 15:17:28,292 [INFO] McuFinderGlobals:53 - Set McuFinder mode to 2 (CubeIDE integrated)
2023-06-08 15:17:28,449 [INFO] ApplicationProperties:184 - Using Application install path: /Applications/STM32CubeIDE.app/Contents/Eclipse/plugins/com.st.stm32cube.common.mx_6.8.1.202304191431
2023-06-08 15:17:28,468 [INFO] DbMcusXml:78 - Set database path to: /Applications/STM32CubeIDE.app/Contents/Eclipse/plugins/com.st.stm32cube.common.mx_6.8.1.202304191431//db//mcu/
2023-06-08 15:17:28,468 [INFO] ApiDb:274 - Set plugin database path to: /Applications/STM32CubeIDE.app/Contents/Eclipse/plugins/com.st.stm32cube.common.mx_6.8.1.202304191431//db//plugins/boardmanager/
2023-06-08 15:17:28,471 [WARN] ApiDb:259 - Overriding images path with different value:  => /Applications/STM32CubeIDE.app/Contents/Eclipse/plugins/com.st.stm32cube.common.mx_6.8.1.202304191431//db//plugins/mcufinder/images/
2023-06-08 15:17:28,491 [INFO] ApiDb:250 - Set database path to: /Users/jaredmorrison/.stmcufinder/plugins/mcufinder//mcu/
2023-06-08 15:17:28,494 [INFO] DbMcusAds:125 - Set database path to: /Users/jaredmorrison/.stmcufinder/plugins/mcufinder//mcu/
2023-06-08 15:17:28,497 [INFO] CrossReferenceDbSqlite:203 - Set database path to: /Users/jaredmorrison/.stmcufinder/plugins/mcufinder//mcu/cs/
2023-06-08 15:17:28,604 [INFO] RulesReader:64 - Compatibility file has been processed (293 Rules)
2023-06-08 15:17:28,675 [INFO] DbMcusXml:78 - Set database path to: /Applications/STM32CubeIDE.app/Contents/Eclipse/plugins/com.st.stm32cube.common.mx_6.8.1.202304191431//db//mcu/
2023-06-08 15:17:28,675 [INFO] ApiDb:274 - Set plugin database path to: /Applications/STM32CubeIDE.app/Contents/Eclipse/plugins/com.st.stm32cube.common.mx_6.8.1.202304191431//db//plugins/boardmanager/
2023-06-08 15:17:28,675 [INFO] ApiDb:261 - Set plugin images path to: /Applications/STM32CubeIDE.app/Contents/Eclipse/plugins/com.st.stm32cube.common.mx_6.8.1.202304191431//db//plugins/mcufinder/images/
2023-06-08 15:17:28,675 [WARN] DbFile:41 - Overriding database path with different value: /Users/jaredmorrison/.stmcufinder/plugins/mcufinder/ => /Users/jaredmorrison/.stmcufinder/plugins/mcufinder
2023-06-08 15:17:28,675 [INFO] ApiDb:250 - Set database path to: /Users/jaredmorrison/.stmcufinder/plugins/mcufinder//mcu/
2023-06-08 15:17:28,675 [WARN] DbFile:41 - Overriding database path with different value: /Users/jaredmorrison/.stmcufinder/plugins/mcufinder/ => /Users/jaredmorrison/.stmcufinder/plugins/mcufinder
2023-06-08 15:17:28,675 [INFO] DbMcusAds:125 - Set database path to: /Users/jaredmorrison/.stmcufinder/plugins/mcufinder//mcu/
2023-06-08 15:17:28,676 [WARN] DbFile:41 - Overriding database path with different value: /Users/jaredmorrison/.stmcufinder/plugins/mcufinder/ => /Users/jaredmorrison/.stmcufinder/plugins/mcufinder
2023-06-08 15:17:28,676 [WARN] DbFile:41 - Overriding database path with different value: /Users/jaredmorrison/.stmcufinder/plugins/mcufinder/ => /Users/jaredmorrison/.stmcufinder/plugins/mcufinder
2023-06-08 15:17:28,676 [INFO] CrossReferenceDbSqlite:203 - Set database path to: /Users/jaredmorrison/.stmcufinder/plugins/mcufinder//mcu/cs/
2023-06-08 15:17:28,753 [INFO] MainPanel:253 - HeapMemory: 268435456
2023-06-08 15:17:28,859 [INFO] DbMcusXml:78 - Set database path to: /Applications/STM32CubeIDE.app/Contents/Eclipse/plugins/com.st.stm32cube.common.mx_6.8.1.202304191431//db//mcu/
2023-06-08 15:17:28,859 [INFO] ApiDb:274 - Set plugin database path to: /Applications/STM32CubeIDE.app/Contents/Eclipse/plugins/com.st.stm32cube.common.mx_6.8.1.202304191431//db//plugins/boardmanager/
2023-06-08 15:17:28,859 [INFO] ApiDb:261 - Set plugin images path to: /Applications/STM32CubeIDE.app/Contents/Eclipse/plugins/com.st.stm32cube.common.mx_6.8.1.202304191431//db//plugins/mcufinder/images/
2023-06-08 15:17:28,860 [WARN] DbFile:41 - Overriding database path with different value: /Users/jaredmorrison/.stmcufinder/plugins/mcufinder/ => /Users/jaredmorrison/.stmcufinder/plugins/mcufinder
2023-06-08 15:17:28,860 [INFO] ApiDb:250 - Set database path to: /Users/jaredmorrison/.stmcufinder/plugins/mcufinder//mcu/
2023-06-08 15:17:28,860 [WARN] DbFile:41 - Overriding database path with different value: /Users/jaredmorrison/.stmcufinder/plugins/mcufinder/ => /Users/jaredmorrison/.stmcufinder/plugins/mcufinder
2023-06-08 15:17:28,860 [INFO] DbMcusAds:125 - Set database path to: /Users/jaredmorrison/.stmcufinder/plugins/mcufinder//mcu/
2023-06-08 15:17:28,860 [WARN] DbFile:41 - Overriding database path with different value: /Users/jaredmorrison/.stmcufinder/plugins/mcufinder/ => /Users/jaredmorrison/.stmcufinder/plugins/mcufinder
2023-06-08 15:17:28,860 [WARN] DbFile:41 - Overriding database path with different value: /Users/jaredmorrison/.stmcufinder/plugins/mcufinder/ => /Users/jaredmorrison/.stmcufinder/plugins/mcufinder
2023-06-08 15:17:28,860 [INFO] CrossReferenceDbSqlite:203 - Set database path to: /Users/jaredmorrison/.stmcufinder/plugins/mcufinder//mcu/cs/
2023-06-08 15:17:28,879 [INFO] ApplicationProperties:184 - Using Application install path: /Applications/STM32CubeIDE.app/Contents/Eclipse/plugins/com.st.stm32cube.common.mx_6.8.1.202304191431
2023-06-08 15:17:28,880 [INFO] PluginManage:196 - Search for loadable plugins [exclusion list=, ]
2023-06-08 15:17:28,882 [INFO] PluginManage:310 - Check plugin analytics
2023-06-08 15:17:29,035 [INFO] AnalyticsPlugin:253 - Accepted Software Licenses: 
2023-06-08 15:17:29,036 [INFO] AnalyticsPlugin:255 - Accepted CMSIS Pack Licenses: 
2023-06-08 15:17:29,036 [INFO] AnalyticsPlugin:257 - Accepted Firmware Licenses: 
2023-06-08 15:17:29,043 [INFO] PluginManage:359 - Loaded plugin analytics (category:tool,tabindex:-1)
2023-06-08 15:17:29,043 [INFO] PluginManage:310 - Check plugin cadmodel
2023-06-08 15:17:29,681 [INFO] CADModel:105 - Init CAD model plugin
2023-06-08 15:17:29,681 [INFO] PluginManage:359 - Loaded plugin cadmodel (category:power,tabindex:5)
2023-06-08 15:17:29,681 [INFO] PluginManage:310 - Check plugin clock
2023-06-08 15:17:29,693 [INFO] PluginManage:359 - Loaded plugin clock (category:base,tabindex:2)
2023-06-08 15:17:29,694 [INFO] PluginManage:310 - Check plugin ddr
2023-06-08 15:17:29,697 [INFO] PluginManage:359 - Loaded plugin ddr (category:tool,tabindex:6)
2023-06-08 15:17:29,697 [INFO] PluginManage:310 - Check plugin filemanager
2023-06-08 15:17:29,845 [INFO] PluginManage:359 - Loaded plugin filemanager (category:base,tabindex:10)
2023-06-08 15:17:29,845 [INFO] PluginManage:310 - Check plugin ipmanager
2023-06-08 15:17:29,852 [INFO] PluginManage:359 - Loaded plugin ipmanager (category:base,tabindex:5)
2023-06-08 15:17:29,852 [INFO] PluginManage:310 - Check plugin lpbam
2023-06-08 15:17:29,864 [INFO] PluginManage:359 - Loaded plugin lpbam (category:base,tabindex:0)
2023-06-08 15:17:29,864 [INFO] PluginManage:310 - Check plugin pinoutandconfiguration
2023-06-08 15:17:29,874 [INFO] PluginManage:359 - Loaded plugin pinoutandconfiguration (category:base,tabindex:1)
2023-06-08 15:17:29,874 [INFO] PluginManage:310 - Check plugin pinoutconfig
2023-06-08 15:17:30,015 [WARN] SupportedApi:132 - Cannot load RTOS API schema: s4s-elt-must-match.1: The content of 'definitions' must match (annotation?, (simpleType | complexType)?, (unique | key | keyref)*)). A problem was found starting at: attribute.
2023-06-08 15:17:30,163 [INFO] PluginManage:359 - Loaded plugin pinoutconfig (category:base,tabindex:0)
2023-06-08 15:17:30,163 [INFO] PluginManage:310 - Check plugin power
2023-06-08 15:17:30,177 [INFO] PluginManage:359 - Loaded plugin power (category:power,tabindex:4)
2023-06-08 15:17:30,177 [INFO] PluginManage:310 - Check plugin projectmanager
2023-06-08 15:17:30,192 [INFO] PluginManage:359 - Loaded plugin projectmanager (category:projectmanager,tabindex:3)
2023-06-08 15:17:30,193 [INFO] PluginManage:310 - Check plugin thirdparty
2023-06-08 15:17:30,321 [INFO] PluginManage:359 - Loaded plugin thirdparty (category:base,tabindex:-1)
2023-06-08 15:17:30,321 [INFO] PluginManage:310 - Check plugin tools
2023-06-08 15:17:30,321 [WARN] IntegrityCheckThread:84 - waiting for thirdparty lock release [integrity check]
2023-06-08 15:17:30,322 [INFO] IntegrityCheckThread:86 - entering critical section [integrity check]
2023-06-08 15:17:30,324 [INFO] ThirdPartyUpdaterWithRetryManager:70 - Updater plugin not ready yet. [1/15]
2023-06-08 15:17:30,324 [INFO] PluginManage:359 - Loaded plugin tools (category:base,tabindex:7)
2023-06-08 15:17:30,324 [INFO] PluginManage:310 - Check plugin tutovideos
2023-06-08 15:17:30,535 [INFO] PluginManage:359 - Loaded plugin tutovideos (category:base,tabindex:-1)
2023-06-08 15:17:30,535 [INFO] PluginManage:310 - Check plugin updater
2023-06-08 15:17:30,552 [INFO] PluginManage:359 - Loaded plugin updater (category:base,tabindex:12)
2023-06-08 15:17:30,552 [INFO] PluginManage:283 - PluginManage : Loaded plugins [15]
2023-06-08 15:17:30,765 [INFO] PinOutPanel:1499 - setPackage(No Configuration,No Configuration)
2023-06-08 15:17:30,819 [INFO] CADModel:165 - CPN selected for project level
2023-06-08 15:17:30,819 [INFO] CADModel:114 - Register for checkConnection events
2023-06-08 15:17:30,833 [INFO] IPUIPlugin:80 - create IPUIPlugin
2023-06-08 15:17:30,833 [INFO] PluginManager:220 - loadIPPluginJar : add mdma
2023-06-08 15:17:30,842 [INFO] IPUIPlugin:80 - create IPUIPlugin
2023-06-08 15:17:30,842 [INFO] PluginManager:220 - loadIPPluginJar : add freertos
2023-06-08 15:17:30,847 [INFO] IPUIPlugin:80 - create IPUIPlugin
2023-06-08 15:17:30,848 [INFO] PluginManager:220 - loadIPPluginJar : add gic
2023-06-08 15:17:30,857 [INFO] IPUIPlugin:80 - create IPUIPlugin
2023-06-08 15:17:30,858 [INFO] PluginManager:220 - loadIPPluginJar : add adc
2023-06-08 15:17:30,860 [INFO] IPUIPlugin:80 - create IPUIPlugin
2023-06-08 15:17:30,861 [INFO] PluginManager:220 - loadIPPluginJar : add gtzc
2023-06-08 15:17:30,862 [INFO] IPUIPlugin:80 - create IPUIPlugin
2023-06-08 15:17:30,862 [INFO] PluginManager:220 - loadIPPluginJar : add quadspi
2023-06-08 15:17:30,865 [INFO] IPUIPlugin:80 - create IPUIPlugin
2023-06-08 15:17:30,865 [INFO] PluginManager:220 - loadIPPluginJar : add aes
2023-06-08 15:17:30,868 [INFO] IPUIPlugin:80 - create IPUIPlugin
2023-06-08 15:17:30,868 [INFO] PluginManager:220 - loadIPPluginJar : add pdm2pcm
2023-06-08 15:17:30,870 [INFO] IPUIPlugin:80 - create IPUIPlugin
2023-06-08 15:17:30,870 [INFO] PluginManager:220 - loadIPPluginJar : add hash
2023-06-08 15:17:30,871 [INFO] IPUIPlugin:80 - create IPUIPlugin
2023-06-08 15:17:30,871 [INFO] PluginManager:220 - loadIPPluginJar : add tim
2023-06-08 15:17:30,873 [INFO] IPUIPlugin:80 - create IPUIPlugin
2023-06-08 15:17:30,873 [INFO] PluginManager:220 - loadIPPluginJar : add tsc
2023-06-08 15:17:30,875 [INFO] IPUIPlugin:80 - create IPUIPlugin
2023-06-08 15:17:30,875 [INFO] PluginManager:220 - loadIPPluginJar : add ts
2023-06-08 15:17:30,877 [INFO] IPUIPlugin:80 - create IPUIPlugin
2023-06-08 15:17:30,878 [INFO] PluginManager:220 - loadIPPluginJar : add can
2023-06-08 15:17:30,880 [INFO] IPUIPlugin:80 - create IPUIPlugin
2023-06-08 15:17:30,880 [INFO] PluginManager:220 - loadIPPluginJar : add dma3
2023-06-08 15:17:30,882 [INFO] IPUIPlugin:80 - create IPUIPlugin
2023-06-08 15:17:30,882 [INFO] PluginManager:220 - loadIPPluginJar : add dfsdm
2023-06-08 15:17:30,884 [INFO] IPUIPlugin:80 - create IPUIPlugin
2023-06-08 15:17:30,884 [INFO] PluginManager:220 - loadIPPluginJar : add spi
2023-06-08 15:17:30,886 [INFO] IPUIPlugin:80 - create IPUIPlugin
2023-06-08 15:17:30,886 [INFO] PluginManager:220 - loadIPPluginJar : add gfxmmu
2023-06-08 15:17:30,888 [INFO] IPUIPlugin:80 - create IPUIPlugin
2023-06-08 15:17:30,888 [INFO] PluginManager:220 - loadIPPluginJar : add genericplugin
2023-06-08 15:17:30,890 [INFO] IPUIPlugin:80 - create IPUIPlugin
2023-06-08 15:17:30,890 [INFO] PluginManager:220 - loadIPPluginJar : add cryp
2023-06-08 15:17:30,894 [INFO] IPUIPlugin:80 - create IPUIPlugin
2023-06-08 15:17:30,894 [INFO] PluginManager:220 - loadIPPluginJar : add gpio
2023-06-08 15:17:30,896 [INFO] IPUIPlugin:80 - create IPUIPlugin
2023-06-08 15:17:30,896 [INFO] PluginManager:220 - loadIPPluginJar : add comp
2023-06-08 15:17:30,898 [INFO] IPUIPlugin:80 - create IPUIPlugin
2023-06-08 15:17:30,898 [INFO] PluginManager:220 - loadIPPluginJar : add tracer_emb
2023-06-08 15:17:30,901 [INFO] IPUIPlugin:80 - create IPUIPlugin
2023-06-08 15:17:30,901 [INFO] PluginManager:220 - loadIPPluginJar : add openamp
2023-06-08 15:17:30,906 [INFO] IPUIPlugin:80 - create IPUIPlugin
2023-06-08 15:17:30,906 [INFO] PluginManager:220 - loadIPPluginJar : add stm32_wpan
2023-06-08 15:17:30,913 [INFO] IPUIPlugin:80 - create IPUIPlugin
2023-06-08 15:17:30,916 [INFO] PluginManager:220 - loadIPPluginJar : add plateformsettings
2023-06-08 15:17:30,920 [INFO] IPUIPlugin:80 - create IPUIPlugin
2023-06-08 15:17:30,920 [INFO] PluginManager:220 - loadIPPluginJar : add ipddr
2023-06-08 15:17:30,922 [INFO] IPUIPlugin:80 - create IPUIPlugin
2023-06-08 15:17:30,922 [INFO] PluginManager:220 - loadIPPluginJar : add usart
2023-06-08 15:17:30,923 [INFO] IPUIPlugin:80 - create IPUIPlugin
2023-06-08 15:17:30,924 [INFO] PluginManager:220 - loadIPPluginJar : add ltdc
2023-06-08 15:17:30,927 [INFO] IPUIPlugin:80 - create IPUIPlugin
2023-06-08 15:17:30,927 [INFO] PluginManager:220 - loadIPPluginJar : add nvic
2023-06-08 15:17:30,929 [INFO] IPUIPlugin:80 - create IPUIPlugin
2023-06-08 15:17:30,929 [INFO] PluginManager:220 - loadIPPluginJar : add fatfs
2023-06-08 15:17:30,936 [INFO] IPUIPlugin:80 - create IPUIPlugin
2023-06-08 15:17:30,937 [INFO] PluginManager:220 - loadIPPluginJar : add linkedlist
2023-06-08 15:17:30,943 [INFO] IPUIPlugin:80 - create IPUIPlugin
2023-06-08 15:17:30,943 [INFO] PluginManager:220 - loadIPPluginJar : add dma
2023-06-08 15:17:30,947 [INFO] IPUIPlugin:80 - create IPUIPlugin
2023-06-08 15:17:30,947 [INFO] PluginManager:220 - loadIPPluginJar : add fmc
2023-06-08 15:17:30,949 [INFO] IPUIPlugin:80 - create IPUIPlugin
2023-06-08 15:17:30,950 [INFO] PluginManager:220 - loadIPPluginJar : add i2s
2023-06-08 15:17:30,951 [INFO] IPUIPlugin:80 - create IPUIPlugin
2023-06-08 15:17:30,951 [INFO] PluginManager:220 - loadIPPluginJar : add ucpd
2023-06-08 15:17:30,954 [INFO] IPUIPlugin:80 - create IPUIPlugin
2023-06-08 15:17:30,954 [INFO] PluginManager:220 - loadIPPluginJar : add lorawan
2023-06-08 15:17:30,957 [INFO] IPUIPlugin:80 - create IPUIPlugin
2023-06-08 15:17:30,957 [INFO] PluginManager:220 - loadIPPluginJar : add opamp
2023-06-08 15:17:30,959 [INFO] IPUIPlugin:80 - create IPUIPlugin
2023-06-08 15:17:30,959 [INFO] PluginManager:220 - loadIPPluginJar : add i3c
2023-06-08 15:17:30,962 [INFO] IPUIPlugin:80 - create IPUIPlugin
2023-06-08 15:17:30,962 [INFO] PluginManager:220 - loadIPPluginJar : add touchsensing
2023-06-08 15:17:30,964 [INFO] IPUIPlugin:80 - create IPUIPlugin
2023-06-08 15:17:30,965 [INFO] PluginManager:220 - loadIPPluginJar : add i2c
2023-06-08 15:17:30,969 [INFO] IPUIPlugin:80 - create IPUIPlugin
2023-06-08 15:17:30,969 [INFO] PluginManager:220 - loadIPPluginJar : add resmgrutility
2023-06-08 15:17:30,971 [INFO] IPUIPlugin:80 - create IPUIPlugin
2023-06-08 15:17:30,971 [INFO] PluginManager:220 - loadIPPluginJar : add sai
2023-06-08 15:17:30,974 [INFO] IPUIPlugin:80 - create IPUIPlugin
2023-06-08 15:17:30,974 [INFO] PluginManager:220 - loadIPPluginJar : add usbx
2023-06-08 15:17:31,078 [INFO] CADModel:165 - CPN selected for project level
2023-06-08 15:17:31,078 [INFO] CADModel:114 - Register for checkConnection events
2023-06-08 15:17:31,079 [FATAL] Updater:308 - Updater called before beeing initialized
2023-06-08 15:17:31,079 [ERROR] CADModel:125 - Updater not yet initialized, retry later 
2023-06-08 15:17:31,208 [INFO] CADModel:165 - CPN selected for project level
2023-06-08 15:17:31,208 [INFO] CADModel:114 - Register for checkConnection events
2023-06-08 15:17:31,208 [FATAL] Updater:308 - Updater called before beeing initialized
2023-06-08 15:17:31,208 [ERROR] CADModel:125 - Updater not yet initialized, retry later 
2023-06-08 15:17:31,212 [FATAL] Updater:308 - Updater called before beeing initialized
2023-06-08 15:17:31,282 [FATAL] Updater:308 - Updater called before beeing initialized
2023-06-08 15:17:31,289 [INFO] DbMcusAds:53 - JSON generation date=Tue Mar 07 03:50:55 EST 2023 (1678179055335)
2023-06-08 15:17:31,290 [FATAL] Updater:308 - Updater called before beeing initialized
2023-06-08 15:17:31,364 [WARN] DetailPanel:346 - Failed to get advertising image, set to default
2023-06-08 15:17:31,475 [FATAL] Updater:308 - Updater called before beeing initialized
2023-06-08 15:17:31,477 [FATAL] Updater:308 - Updater called before beeing initialized
2023-06-08 15:17:31,477 [FATAL] Updater:308 - Updater called before beeing initialized
2023-06-08 15:17:31,477 [WARN] DetailPanel:346 - Failed to get advertising image, set to default
2023-06-08 15:17:31,478 [FATAL] Updater:308 - Updater called before beeing initialized
2023-06-08 15:17:31,510 [ERROR] Updater:1120 - MainUpdater not yet initialized. External WinMGr cannot be set.
2023-06-08 15:17:31,512 [INFO] Updater:1056 - Updater Version found : 6.8.1
2023-06-08 15:17:31,534 [INFO] ApplicationProperties:184 - Using Application install path: /Applications/STM32CubeIDE.app/Contents/Eclipse/plugins/com.st.stm32cube.common.mx_6.8.1.202304191431
2023-06-08 15:17:31,730 [INFO] MainUpdater:2854 - connection check result : 10
2023-06-08 15:17:31,731 [INFO] MainUpdater:283 - Updater Check For Update Now.
2023-06-08 15:17:31,731 [INFO] MicroXplorer:498 - Change Database Version : DB.6.0.81
2023-06-08 15:17:31,887 [INFO] CheckServerUpdateThread:120 - End of CheckServer Thread
2023-06-08 15:17:31,938 [INFO] MainUpdater:2854 - connection check result : 10
2023-06-08 15:17:31,940 [INFO] MainUpdater:2854 - connection check result : 10
2023-06-08 15:17:33,052 [INFO] MicroXplorer:468 - Change Database Path : 
2023-06-08 15:17:33,052 [INFO] MicroXplorer:498 - Change Database Version : DB.6.0.81
2023-06-08 15:17:33,053 [WARN] ThirdParty:871 - waiting for thirdparty lock release [close project]
2023-06-08 15:17:33,470 [WARN] PackLoader:240 - Cannot read IP mode file for STMicroelectronics.X-CUBE-SMBUS.2.1.0
2023-06-08 15:17:33,501 [WARN] PackLoader:240 - Cannot read IP mode file for STMicroelectronics.X-CUBE-AZRTOS-F7.1.1.0
2023-06-08 15:17:33,509 [ERROR] RealEvaluatedCondition:428 - Found unsupported composite condition: CLASS='Data Exchange' GROUP='STM32_MetaDataManager'
2023-06-08 15:17:33,509 [ERROR] RealEvaluatedCondition:428 - Found unsupported composite condition: CLASS='Data Exchange' GROUP='STM32_MetaDataManager'
2023-06-08 15:17:33,511 [WARN] PackLoader:240 - Cannot read IP mode file for STMicroelectronics.FP-SNS-MOTENV1.4.3.0
2023-06-08 15:17:33,516 [WARN] PackLoader:240 - Cannot read IP mode file for STMicroelectronics.FP-SNS-FLIGHT1.5.0.0
2023-06-08 15:17:33,520 [ERROR] RealEvaluatedCondition:428 - Found unsupported composite condition: CLASS='Data Exchange' GROUP='STM32_MetaDataManager'
2023-06-08 15:17:33,520 [ERROR] RealEvaluatedCondition:428 - Found unsupported composite condition: CLASS='Data Exchange' GROUP='STM32_MetaDataManager'
2023-06-08 15:17:33,521 [WARN] PackLoader:240 - Cannot read IP mode file for STMicroelectronics.FP-SNS-MOTENV1.4.3.1
2023-06-08 15:17:33,526 [WARN] PackLoader:240 - Cannot read IP mode file for STMicroelectronics.FP-SNS-FLIGHT1.5.0.1
2023-06-08 15:17:33,534 [WARN] PackLoader:240 - Cannot read IP mode file for STMicroelectronics.X-CUBE-BLE1.6.2.4
2023-06-08 15:17:33,541 [WARN] PackLoader:240 - Cannot read IP mode file for STMicroelectronics.X-CUBE-DISPLAY.3.0.0
2023-06-08 15:17:33,556 [INFO] LogOutputStream:77 - [STDOUT_REDIRECT] 1 : Invalid condition id : UX_CORESTACK_Condition cause : null
2023-06-08 15:17:33,556 [INFO] LogOutputStream:77 - [STDOUT_REDIRECT] 1 : Invalid condition id : UX_CORESTACK_Condition cause : null
2023-06-08 15:17:33,557 [INFO] LogOutputStream:77 - [STDOUT_REDIRECT] 1 : Invalid condition id : UX_CORESTACK_Condition cause : null
2023-06-08 15:17:33,557 [INFO] LogOutputStream:77 - [STDOUT_REDIRECT] 1 : Invalid condition id : UX_CORESTACK_Condition cause : null
2023-06-08 15:17:33,557 [INFO] LogOutputStream:77 - [STDOUT_REDIRECT] 1 : Invalid condition id : UX_CORESTACK_Condition cause : null
2023-06-08 15:17:33,562 [WARN] PackLoader:240 - Cannot read IP mode file for STMicroelectronics.X-CUBE-AZRTOS-WL.2.0.0
2023-06-08 15:17:33,571 [WARN] PackLoader:240 - Cannot read IP mode file for WES.I-CUBE-Cesium.1.3.0
2023-06-08 15:17:33,576 [WARN] PackLoader:240 - Cannot read IP mode file for STMicroelectronics.X-CUBE-BLE2.3.3.0
2023-06-08 15:17:33,580 [WARN] PackLoader:240 - Cannot read IP mode file for STMicroelectronics.X-CUBE-TOUCHGFX.4.21.3
2023-06-08 15:17:33,583 [WARN] PackLoader:240 - Cannot read IP mode file for STMicroelectronics.X-CUBE-TOUCHGFX.4.21.4
2023-06-08 15:17:33,589 [WARN] PackLoader:240 - Cannot read IP mode file for STMicroelectronics.X-CUBE-ALGOBUILD.1.3.0
2023-06-08 15:17:33,610 [WARN] PackLoader:240 - Cannot read IP mode file for STMicroelectronics.X-CUBE-AZRTOS-G0.1.1.0
2023-06-08 15:17:33,618 [WARN] PackLoader:240 - Cannot read IP mode file for STMicroelectronics.X-CUBE-NFC4.3.0.0
2023-06-08 15:17:33,622 [WARN] PackLoader:240 - Cannot read IP mode file for STMicroelectronics.FP-ATR-SIGFOX1.3.2.0
2023-06-08 15:17:33,672 [WARN] PackLoader:240 - Cannot read IP mode file for SEGGER.I-CUBE-embOS.1.3.1
2023-06-08 15:17:33,707 [WARN] PackLoader:240 - Cannot read IP mode file for STMicroelectronics.X-CUBE-GNSS1.6.0.0
2023-06-08 15:17:33,721 [WARN] PackLoader:240 - Cannot read IP mode file for STMicroelectronics.X-CUBE-AZRTOS-F4.1.1.0
2023-06-08 15:17:33,725 [WARN] PackLoader:240 - Cannot read IP mode file for wolfSSL.I-CUBE-wolfSSL.5.6.0
2023-06-08 15:17:33,758 [WARN] PackLoader:240 - Cannot read IP mode file for STMicroelectronics.X-CUBE-MEMS1.9.6.0
2023-06-08 15:17:33,910 [WARN] PackLoader:240 - Cannot read IP mode file for emotas.I-CUBE-CANOPEN.1.1.3
2023-06-08 15:17:33,915 [WARN] PackLoader:240 - Cannot read IP mode file for STMicroelectronics.X-CUBE-BLEMGR.2.0.0
2023-06-08 15:17:33,927 [WARN] ConditionMgr:438 - getConditionDescription Invalid condition id : UX DEVICE CLASS RTOS Condition cause : null
2023-06-08 15:17:33,927 [WARN] ConditionMgr:438 - getConditionDescription Invalid condition id : UX DEVICE CLASS RTOS Condition cause : null
2023-06-08 15:17:33,929 [WARN] PackLoader:240 - Cannot read IP mode file for STMicroelectronics.X-CUBE-AZRTOS-H7.3.1.0
2023-06-08 15:17:33,930 [WARN] ConditionMgr:1039 - genDependencies : Invalid condition id : UX DEVICE CLASS RTOS Condition cause : null
2023-06-08 15:17:33,930 [WARN] ConditionMgr:1039 - genDependencies : Invalid condition id : UX DEVICE CLASS RTOS Condition cause : null
2023-06-08 15:17:33,930 [WARN] ConditionMgr:1039 - genDependencies : Invalid condition id : UX DEVICE CLASS RTOS Condition cause : null
2023-06-08 15:17:33,931 [WARN] ConditionMgr:1039 - genDependencies : Invalid condition id : UX DEVICE CLASS RTOS Condition cause : null
2023-06-08 15:17:33,931 [WARN] ConditionMgr:1039 - genDependencies : Invalid condition id : UX DEVICE CLASS RTOS Condition cause : null
2023-06-08 15:17:33,935 [WARN] PackLoader:240 - Cannot read IP mode file for STMicroelectronics.X-CUBE-NFC7.1.0.0
2023-06-08 15:17:33,939 [WARN] PackLoader:240 - Cannot read IP mode file for STMicroelectronics.X-CUBE-EEPRMA1.4.1.0
2023-06-08 15:17:33,952 [WARN] ConditionMgr:438 - getConditionDescription Invalid condition id : LAN8742 Phy interface Condition cause : null
2023-06-08 15:17:33,953 [WARN] PackLoader:240 - Cannot read IP mode file for STMicroelectronics.X-CUBE-AZRTOS-L4.2.0.0
2023-06-08 15:17:33,953 [WARN] ConditionMgr:1039 - genDependencies : Invalid condition id : LAN8742 Phy interface Condition cause : null
2023-06-08 15:17:33,953 [WARN] ConditionMgr:1039 - genDependencies : Invalid condition id : LAN8742 Phy interface Condition cause : null
2023-06-08 15:17:33,954 [WARN] ConditionMgr:1039 - genDependencies : Invalid condition id : LAN8742 Phy interface Condition cause : null
2023-06-08 15:17:33,958 [WARN] PackLoader:240 - Cannot read IP mode file for STMicroelectronics.X-CUBE-SFXS2LP1.4.0.0
2023-06-08 15:17:33,961 [WARN] PackLoader:240 - Cannot read IP mode file for STMicroelectronics.X-CUBE-ISPU.1.1.0
2023-06-08 15:17:33,964 [WARN] PackLoader:240 - Cannot read IP mode file for STMicroelectronics.X-CUBE-AI.8.0.0
2023-06-08 15:17:33,967 [WARN] PackLoader:240 - Cannot read IP mode file for STMicroelectronics.X-CUBE-FREERTOS.1.0.1
2023-06-08 15:17:33,978 [WARN] PackLoader:240 - Cannot read IP mode file for STMicroelectronics.X-CUBE-AZRTOS-L5.1.1.0
2023-06-08 15:17:33,982 [WARN] PackLoader:240 - Cannot read IP mode file for STMicroelectronics.X-CUBE-AI.8.0.1
2023-06-08 15:17:33,988 [WARN] PackLoader:240 - Cannot read IP mode file for STMicroelectronics.X-CUBE-SUBG2.5.0.0
2023-06-08 15:17:34,017 [WARN] PackLoader:240 - Cannot read IP mode file for STMicroelectronics.X-CUBE-AZRTOS-G4.2.0.0
2023-06-08 15:17:34,030 [WARN] PackLoader:240 - Cannot read IP mode file for STMicroelectronics.X-CUBE-TOF1.3.3.0
2023-06-08 15:17:34,064 [WARN] PackLoader:240 - Cannot read IP mode file for STMicroelectronics.X-CUBE-AZRTOS-L4.1.0.0
2023-06-08 15:17:34,077 [WARN] PackLoader:240 - Cannot read IP mode file for STMicroelectronics.X-CUBE-AZRTOS-WL.1.0.0
2023-06-08 15:17:34,082 [WARN] PackLoader:240 - Cannot read IP mode file for portGmbH.I-Cube-SoM-uGOAL.1.1.0
2023-06-08 15:17:34,084 [WARN] PackLoader:240 - Cannot read IP mode file for STMicroelectronics.X-CUBE-ALS.1.0.1
2023-06-08 15:17:34,119 [WARN] PackLoader:240 - Cannot read IP mode file for STMicroelectronics.X-CUBE-AZRTOS-WB.1.1.0
2023-06-08 15:17:34,123 [WARN] PackLoader:240 - Cannot read IP mode file for STMicroelectronics.FP-ATR-ASTRA1.2.0.0
2023-06-08 15:17:34,124 [INFO] ThirdParty:978 - Integrity check success = true
2023-06-08 15:17:34,124 [INFO] IntegrityCheckThread:100 - exiting critical section [integrity check]
2023-06-08 15:17:34,124 [INFO] IntegrityCheckThread:103 - End integrity checks thread
2023-06-08 15:17:34,124 [INFO] ThirdParty:873 - entering critical section [close project]
2023-06-08 15:17:34,126 [INFO] ThirdParty:883 - exiting critical section [close project]
2023-06-08 15:17:34,132 [INFO] PinOutPanel:1499 - setPackage(No Configuration,No Configuration)
2023-06-08 15:17:34,141 [INFO] UtilMem:75 - Begin LoadConfig() Used Memory: 166246936 Bytes (268435456)
2023-06-08 15:17:34,145 [INFO] MicroXplorer:468 - Change Database Path : /Users/jaredmorrison/.stm32cubemx/databases/DB.6.0.60/db/
2023-06-08 15:17:34,145 [INFO] MicroXplorer:498 - Change Database Version : DB.6.0.60
2023-06-08 15:17:35,507 [INFO] OpenFileManager:308 - Change cursor
2023-06-08 15:17:35,539 [INFO] Mcu:1937 - Initializing MCU STM32F051R8Tx STM32F051R8Tx STM32F051R8T6
2023-06-08 15:17:35,708 [ERROR] LogOutputStream:75 - [STDERR_REDIRECT] SLF4J: Failed to load class "org.slf4j.impl.StaticLoggerBinder".
2023-06-08 15:17:35,708 [ERROR] LogOutputStream:75 - [STDERR_REDIRECT] SLF4J: Defaulting to no-operation (NOP) logger implementation
2023-06-08 15:17:35,708 [ERROR] LogOutputStream:75 - [STDERR_REDIRECT] SLF4J: See http://www.slf4j.org/codes.html#StaticLoggerBinder for further details.
2023-06-08 15:17:36,516 [INFO] Context:659 - Trying to add GPIOservice into a context  which must be forbidden
2023-06-08 15:17:37,122 [INFO] RtosManager:555 - Registered RTOS mode: class=CMSIS, group=RTOS, mode=CMSIS_V1, owner=FREERTOS
2023-06-08 15:17:37,122 [INFO] RtosManager:555 - Registered RTOS mode: class=CMSIS, group=RTOS2, mode=CMSIS_V2, owner=FREERTOS
2023-06-08 15:17:37,122 [INFO] RtosManager:555 - Registered RTOS mode: class=RTOS, group=Core, mode=CMSIS_V1, owner=FREERTOS
2023-06-08 15:17:37,122 [INFO] RtosManager:555 - Registered RTOS mode: class=RTOS, group=Core, mode=CMSIS_V2, owner=FREERTOS
2023-06-08 15:17:37,122 [WARN] ModelIntegratedComponent:184 - Missing modes for component STMicroelectronics:FreeRTOS:0.0.1:STMicroelectronics:RTOS:FreeRTOS:Core:::10.2.0:
2023-06-08 15:17:37,132 [WARN] ModelIntegratedComponent:63 - No mode defined for component null
2023-06-08 15:17:37,132 [WARN] ModelIntegratedComponent:63 - No mode defined for component null
2023-06-08 15:17:37,132 [WARN] ModelIntegratedComponent:63 - No mode defined for component null
2023-06-08 15:17:37,132 [WARN] ModelIntegratedComponent:63 - No mode defined for component null
2023-06-08 15:17:37,132 [WARN] ModelIntegratedComponent:63 - No mode defined for component null
2023-06-08 15:17:37,132 [WARN] ModelIntegratedComponent:63 - No mode defined for component null
2023-06-08 15:17:37,132 [WARN] ModelIntegratedComponent:63 - No mode defined for component null
2023-06-08 15:17:37,133 [WARN] ModelIntegratedComponent:63 - No mode defined for component null
2023-06-08 15:17:37,133 [WARN] ModelIntegratedComponent:63 - No mode defined for component null
2023-06-08 15:17:37,133 [WARN] ModelIntegratedComponent:63 - No mode defined for component null
2023-06-08 15:17:37,133 [WARN] ModelIntegratedComponent:63 - No mode defined for component null
2023-06-08 15:17:37,133 [WARN] ModelIntegratedComponent:63 - No mode defined for component null
2023-06-08 15:17:37,133 [WARN] ModelIntegratedComponent:63 - No mode defined for component null
2023-06-08 15:17:37,133 [WARN] ModelIntegratedComponent:63 - No mode defined for component null
2023-06-08 15:17:37,133 [WARN] ModelIntegratedComponent:63 - No mode defined for component null
2023-06-08 15:17:37,133 [WARN] ModelIntegratedComponent:63 - No mode defined for component null
2023-06-08 15:17:37,133 [WARN] ModelIntegratedComponent:63 - No mode defined for component null
2023-06-08 15:17:37,133 [WARN] ModelIntegratedComponent:63 - No mode defined for component null
2023-06-08 15:17:37,133 [WARN] ModelIntegratedComponent:63 - No mode defined for component null
2023-06-08 15:17:37,133 [WARN] ModelIntegratedComponent:63 - No mode defined for component null
2023-06-08 15:17:37,133 [WARN] ModelIntegratedComponent:63 - No mode defined for component null
2023-06-08 15:17:37,133 [WARN] ModelIntegratedComponent:63 - No mode defined for component null
2023-06-08 15:17:37,133 [WARN] ModelIntegratedComponent:63 - No mode defined for component null
2023-06-08 15:17:37,133 [WARN] ModelIntegratedComponent:63 - No mode defined for component null
2023-06-08 15:17:37,133 [WARN] ModelIntegratedComponent:63 - No mode defined for component null
2023-06-08 15:17:37,134 [WARN] ModelIntegratedComponent:63 - No mode defined for component null
2023-06-08 15:17:37,134 [WARN] ModelIntegratedComponent:63 - No mode defined for component null
2023-06-08 15:17:37,134 [WARN] ModelIntegratedComponent:63 - No mode defined for component null
2023-06-08 15:17:37,134 [WARN] ModelIntegratedComponent:63 - No mode defined for component null
2023-06-08 15:17:37,134 [WARN] ModelIntegratedComponent:63 - No mode defined for component null
2023-06-08 15:17:37,134 [WARN] ModelIntegratedComponent:63 - No mode defined for component null
2023-06-08 15:17:37,134 [WARN] ModelIntegratedComponent:63 - No mode defined for component null
2023-06-08 15:17:37,134 [WARN] ModelIntegratedComponent:63 - No mode defined for component null
2023-06-08 15:17:37,163 [INFO] ThirdPartyModel:298 - Start build external matchings
2023-06-08 15:17:37,480 [INFO] ThirdPartyModel:316 - End build external matchings
2023-06-08 15:17:37,504 [INFO] ImportTextPane:194 - (OptionalMessage_ERROR) IP (DMA) : Parameter (Instance) has Id (ADC) currently not set
2023-06-08 15:17:37,504 [INFO] ImportTextPane:194 - (OptionalMessage_ERROR) IP (DMA) : Parameter (Direction) has Id (ADC) currently not set
2023-06-08 15:17:37,505 [INFO] ImportTextPane:194 - (OptionalMessage_ERROR) IP (DMA) : Parameter (PeriphInc) has Id (ADC) currently not set
2023-06-08 15:17:37,505 [INFO] ImportTextPane:194 - (OptionalMessage_ERROR) IP (DMA) : Parameter (MemInc) has Id (ADC) currently not set
2023-06-08 15:17:37,505 [INFO] ImportTextPane:194 - (OptionalMessage_ERROR) IP (DMA) : Parameter (PeriphDataAlignment) has Id (ADC) currently not set
2023-06-08 15:17:37,505 [INFO] ImportTextPane:194 - (OptionalMessage_ERROR) IP (DMA) : Parameter (MemDataAlignment) has Id (ADC) currently not set
2023-06-08 15:17:37,505 [INFO] ImportTextPane:194 - (OptionalMessage_ERROR) IP (DMA) : Parameter (Mode) has Id (ADC) currently not set
2023-06-08 15:17:37,505 [INFO] ImportTextPane:194 - (OptionalMessage_ERROR) IP (DMA) : Parameter (Priority) has Id (ADC) currently not set
2023-06-08 15:17:37,512 [INFO] ImportTextPane:194 - (OptionalMessage_ERROR) IP (RCC) : Invalid parameter (FamilyName)
2023-06-08 15:17:37,512 [INFO] ImportTextPane:194 - (OptionalMessage_ERROR) IP (RCC) : Invalid parameter (HSICECFreq_Value)
2023-06-08 15:17:37,683 [INFO] UtilMem:75 - End LoadConfig() Used Memory: 169614784 Bytes (273678336)
2023-06-08 15:17:38,059 [INFO] ApiDb:581 - Connected to CubeFinder SQLite database (/Users/jaredmorrison/.stmcufinder/plugins/mcufinder/mcu/cube-finder-db.db)
2023-06-08 15:17:38,117 [INFO] ApiDb:668 - CubeFinder database Data Model version=2.1
2023-06-08 15:17:38,117 [INFO] ApiDb:669 - CubeFinder database Configuration version=3.0.35
2023-06-08 15:17:38,117 [INFO] ApiDb:670 - CubeFinder database generation date=2023-05-12 (1683877179)
2023-06-08 15:17:38,117 [INFO] ApiDb:671 - CubeFinder database FW Pack versions=[FP-ATR-ASTRA1_V2.0.0, FP-SNS-FLIGHT1_V5.0.0, FP-SNS-MOTENV1_V4.3.0, STM32Cube_FW_C0_V1.0.1, STM32Cube_FW_F0_V1.11.4, STM32Cube_FW_F3_V1.11.4, STM32Cube_FW_F4_V1.27.1, STM32Cube_FW_F7_V1.17.0, STM32Cube_FW_G0_V1.6.1, STM32Cube_FW_G4_V1.5.1, STM32Cube_FW_H5_V0.5.1, STM32Cube_FW_H5_V1.0.0, STM32Cube_FW_H7_V1.11.0, STM32Cube_FW_L0_V1.12.2, STM32Cube_FW_L5_V1.5.0, STM32Cube_FW_U5_V1.2.0, STM32Cube_FW_WBA_V1.0.0, STM32Cube_FW_WBA_V1.0.0RC1, STM32Cube_FW_WBA_V1.0.0RC3, STM32Cube_FW_WB_V1.15.0RC1, STM32Cube_FW_WB_V1.16.0, STM32Cube_FW_WB_V1.16.0RC2, STM32Cube_FW_WL_V1.3.0, X-CUBE-ALGOBUILD_V1.3.0, X-CUBE-ALS_V1.0.1, X-CUBE-AZRTOS-F4_V1.1.0, X-CUBE-AZRTOS-F7_V1.1.0, X-CUBE-AZRTOS-G0_V1.1.0, X-CUBE-AZRTOS-G4_V2.0.0, X-CUBE-AZRTOS-H7_V3.1.0, X-CUBE-AZRTOS-L4_V1.0.0, X-CUBE-AZRTOS-L5_V1.1.0, X-CUBE-AZRTOS-WB_V1.1.0, X-CUBE-AZRTOS-WL_V1.0.0, X-CUBE-BLE1_V6.2.4, X-CUBE-BLE2_V3.3.0, X-CUBE-BLEMGR_V2.0.0, X-CUBE-EEPRMA1_V4.1.0, X-CUBE-FREERTOS_V1.0.1, X-CUBE-GNSS1_V6.0.0, X-CUBE-MEMS1_V9.1.0, X-CUBE-MEMS1_V9.4.0, X-CUBE-MEMS1_V9.6.0, X-CUBE-NFC4_V3.0.0, X-CUBE-NFC7_V1.0.0, X-CUBE-SFXS2LP1_V4.0.0, X-CUBE-SUBG2_V5.0.0]
2023-06-08 15:17:40,162 [INFO] ApiDb:240 - Found 297 in-development CPN: [B-G473E-ZEST1S, B-WB1M-WPAN1, B-WL5M-SUBG1, NUCLEO-C031C6, NUCLEO-H503RB, NUCLEO-H563ZI, NUCLEO-U545RE-Q, NUCLEO-U5A5ZJ-Q, NUCLEO-WBA52CG, STEVAL-PROTEUS1, STEVAL-STWINBX1, STM320518-EVAL, STM32C0116-DK, STM32C011D6Y3TR, STM32C011D6Y6TR, STM32C011F4P3, STM32C011F4P6, STM32C011F4U3, STM32C011F4U6TR, STM32C011F6P3, STM32C011F6P6, STM32C011F6U3, STM32C011F6U6TR, STM32C011J4M3, STM32C011J4M6, STM32C011J6M3, STM32C011J6M6, STM32C0316-DK, STM32C031C4T3, STM32C031C4T6, STM32C031C4U3, STM32C031C4U6, STM32C031C6T3, STM32C031C6T6, STM32C031C6U3, STM32C031C6U6, STM32C031F4P3, STM32C031F4P6, STM32C031F6P3, STM32C031F6P6, STM32C031G4U3, STM32C031G4U6, STM32C031G6U3, STM32C031G6U6, STM32C031K4T3, STM32C031K4T6, STM32C031K4U3, STM32C031K4U6, STM32C031K6T3, STM32C031K6T6, STM32C031K6U3, STM32C031K6U6, STM32G071K8TXN, STM32G071K8UXN, STM32G081GBU6N, STM32G081KBT6N, STM32G081KBUXN, STM32G0B1CCT6N, STM32G0B1KCT6, STM32G0B1NEY6TR, STM32G0B1RCT6N, STM32G0C1CCT6, STM32G0C1CCT6N, STM32G0C1CCU6N, STM32G0C1CET6N, STM32G0C1CEU6N, STM32G0C1KCT6, STM32G0C1NEY6TR, STM32G0C1RCI6N, STM32G0C1RCT6N, STM32G0C1REI6N, STM32G0C1RET6N, STM32G0C1VCI6, STM32G0C1VEI6, STM32G471CCT6, STM32G471CCU6, STM32G471CET3, STM32G471CET6, STM32G471CEU3, STM32G471CEU6, STM32G471MCT6, STM32G471MET3, STM32G471MET6, STM32G471MEY6TR, STM32G471QCT6, STM32G471QET3, STM32G471RCT6, STM32G471RET3, STM32G471RET6, STM32G471VCH6, STM32G471VCI6, STM32G471VCT6, STM32G471VEH3, STM32G471VEH6, STM32G471VEI3, STM32G471VEI6, STM32G471VET3, STM32G471VET6, STM32G474CCT6, STM32H503CBT6, STM32H503CBU6, STM32H503EBY6TR, STM32H503KBU6, STM32H503RBT6, STM32H562AGI6, STM32H562AII6, STM32H562IGK6, STM32H562IGT6, STM32H562IIK6, STM32H562IIT6, STM32H562RGT6, STM32H562RGV6, STM32H562RIT6, STM32H562RIV6, STM32H562VGT6, STM32H562VIT6, STM32H562ZGT6, STM32H562ZIT6, STM32H563AGI6, STM32H563AII3Q, STM32H563AII6, STM32H563IGK6, STM32H563IGT6, STM32H563IIK3Q, STM32H563IIK6, STM32H563IIT3Q, STM32H563IIT6, STM32H563MIY3QTR, STM32H563RGT6, STM32H563RGV6, STM32H563RIT6, STM32H563RIV6, STM32H563VGT6, STM32H563VIT3Q, STM32H563VIT6, STM32H563ZGT6, STM32H563ZIT3Q, STM32H563ZIT6, STM32H573AII3Q, STM32H573AII6, STM32H573I-DK, STM32H573IIK3Q, STM32H573IIK6, STM32H573IIT3Q, STM32H573IIT6, STM32H573MIY3QTR, STM32H573RIT6, STM32H573RIV6, STM32H573VIT3Q, STM32H573VIT6, STM32H573ZIT3Q, STM32H573ZIT6, STM32L4R5QGI6STR, STM32MP131AAE3, STM32MP131AAF3, STM32MP131AAG3, STM32MP131CAE3, STM32MP131CAF3, STM32MP131CAG3, STM32MP131DAE7, STM32MP131DAF7, STM32MP131DAG7, STM32MP131FAE7, STM32MP131FAF7, STM32MP131FAG7, STM32MP133AAE3, STM32MP133AAF3, STM32MP133AAG3, STM32MP133CAE3, STM32MP133CAF3, STM32MP133CAG3, STM32MP133DAE7, STM32MP133DAF7, STM32MP133DAG7, STM32MP133FAE7, STM32MP133FAF7, STM32MP133FAG7, STM32MP135AAE3, STM32MP135AAF3, STM32MP135AAG3, STM32MP135CAE3, STM32MP135CAF3, STM32MP135CAG3, STM32MP135DAE7, STM32MP135DAF7, STM32MP135DAG7, STM32MP135F-DK, STM32MP135FAE7, STM32MP135FAF7, STM32MP135FAF7T, STM32MP135FAF7U, STM32MP135FAG7, STM32U535CBT6, STM32U535CBT6Q, STM32U535CBU6, STM32U535CBU6Q, STM32U535CCT6, STM32U535CCT6Q, STM32U535CCU6, STM32U535CCU6Q, STM32U535CET6, STM32U535CET6Q, STM32U535CEU6, STM32U535CEU6Q, STM32U535JEY6QTR, STM32U535NCY6QTR, STM32U535NEY6QTR, STM32U535RBI6, STM32U535RBI6Q, STM32U535RBT6, STM32U535RBT6Q, STM32U535RCI6, STM32U535RCI6Q, STM32U535RCT6, STM32U535RCT6Q, STM32U535REI6, STM32U535REI6Q, STM32U535RET6, STM32U535RET6Q, STM32U535VCI6, STM32U535VCI6Q, STM32U535VCT6, STM32U535VCT6Q, STM32U535VEI6, STM32U535VEI6Q, STM32U535VET6, STM32U535VET6Q, STM32U545CET6, STM32U545CET6Q, STM32U545CEU6, STM32U545CEU6Q, STM32U545JEY6QTR, STM32U545NEY6QTR, STM32U545REI6, STM32U545REI6Q, STM32U545RET6, STM32U545RET6Q, STM32U545VEI6, STM32U545VEI6Q, STM32U545VET6, STM32U545VET6Q, STM32U595AIH6, STM32U595AIH6Q, STM32U595AJH6, STM32U595AJH6Q, STM32U595QII6, STM32U595QII6Q, STM32U595QJI6, STM32U595QJI6Q, STM32U595RIT6, STM32U595RIT6Q, STM32U595RJT6, STM32U595RJT6Q, STM32U595VIT6, STM32U595VIT6Q, STM32U595VJT6, STM32U595VJT6Q, STM32U595ZIT6, STM32U595ZIT6Q, STM32U595ZIY6QTR, STM32U595ZJT6, STM32U595ZJT6Q, STM32U595ZJY6QTR, STM32U599BJY6QTR, STM32U599NIH6Q, STM32U599NJH6Q, STM32U599VIT6Q, STM32U599VJT6, STM32U599VJT6Q, STM32U599ZIT6Q, STM32U599ZIY6QTR, STM32U599ZJT6Q, STM32U599ZJY6QTR, STM32U5A5AJH6, STM32U5A5AJH6Q, STM32U5A5QJI6, STM32U5A5QJI6Q, STM32U5A5RJT6, STM32U5A5RJT6Q, STM32U5A5VJT6, STM32U5A5VJT6Q, STM32U5A5ZJT6, STM32U5A5ZJT6Q, STM32U5A5ZJY6QTR, STM32U5A9BJY6QTR, STM32U5A9J-DK, STM32U5A9NJH6Q, STM32U5A9VJT6Q, STM32U5A9ZJT6Q, STM32U5A9ZJY6QTR, STM32WB1MMCH6, STM32WBA52CEU6, STM32WBA52CEU6T, STM32WBA52CGU6, STM32WBA52CGU6T, STM32WL5MOCH6, STM32WL5MOCH6TR]
2023-06-08 15:17:40,165 [INFO] DbMcus:216 - Found 3775 MCUs, 3775 are supported
2023-06-08 15:17:40,167 [INFO] ApiDb:423 - Load user favorites file /Users/jaredmorrison/.stm32cubeide/favorites.mcus.txt: 0 item(s)
2023-06-08 15:17:40,167 [INFO] ApiDb:427 - User favorites MCUs=[]
2023-06-08 15:17:40,167 [INFO] DbMcus:222 - Set 0 / 0 favorites MCUs
2023-06-08 15:17:40,628 [WARN] ThirdParty:833 - waiting for thirdparty lock release [change project]
2023-06-08 15:17:40,628 [INFO] ThirdParty:835 - entering critical section [change project]
2023-06-08 15:17:40,628 [INFO] ThirdParty:1030 - CMSIS Pack Vendor :STMicroelectronics X-CUBE-ISPU 1.1.0
2023-06-08 15:17:40,629 [INFO] ThirdParty:1030 - CMSIS Pack Vendor :STMicroelectronics X-CUBE-GNSS1 6.0.0
2023-06-08 15:17:40,629 [INFO] ThirdParty:1030 - CMSIS Pack Vendor :STMicroelectronics USB_HOST 2.0.0
2023-06-08 15:17:40,629 [INFO] ThirdParty:1030 - CMSIS Pack Vendor :STMicroelectronics X-CUBE-AZRTOS-F4 1.1.0
2023-06-08 15:17:40,629 [INFO] ThirdParty:1030 - CMSIS Pack Vendor :STMicroelectronics LIBJPEG 8.0.0
2023-06-08 15:17:40,629 [INFO] ThirdParty:1030 - CMSIS Pack Vendor :STMicroelectronics X-CUBE-SMBUS 2.1.0
2023-06-08 15:17:40,629 [INFO] ThirdParty:1030 - CMSIS Pack Vendor :wolfSSL I-CUBE-wolfSSL 5.6.0
2023-06-08 15:17:40,629 [INFO] ThirdParty:1030 - CMSIS Pack Vendor :STMicroelectronics USB_DEVICE 3.0.0
2023-06-08 15:17:40,629 [INFO] ThirdParty:1030 - CMSIS Pack Vendor :STMicroelectronics X-CUBE-AI 8.0.0
2023-06-08 15:17:40,629 [INFO] ThirdParty:1030 - CMSIS Pack Vendor :STMicroelectronics X-CUBE-FREERTOS 1.0.1
2023-06-08 15:17:40,629 [INFO] ThirdParty:1030 - CMSIS Pack Vendor :STMicroelectronics X-CUBE-TOUCHGFX 4.21.3
2023-06-08 15:17:40,629 [INFO] ThirdParty:1030 - CMSIS Pack Vendor :STMicroelectronics X-CUBE-AZRTOS-F7 1.1.0
2023-06-08 15:17:40,629 [INFO] ThirdParty:1030 - CMSIS Pack Vendor :STMicroelectronics X-CUBE-TOUCHGFX 4.21.4
2023-06-08 15:17:40,629 [INFO] ThirdParty:1030 - CMSIS Pack Vendor :STMicroelectronics USB_DEVICE 2.0.0
2023-06-08 15:17:40,629 [INFO] ThirdParty:1030 - CMSIS Pack Vendor :STMicroelectronics X-CUBE-MEMS1 9.6.0
2023-06-08 15:17:40,629 [INFO] ThirdParty:1030 - CMSIS Pack Vendor :STMicroelectronics FP-SNS-MOTENV1 4.3.0
2023-06-08 15:17:40,629 [INFO] ThirdParty:1030 - CMSIS Pack Vendor :STMicroelectronics FP-SNS-FLIGHT1 5.0.0
2023-06-08 15:17:40,629 [INFO] ThirdParty:1030 - CMSIS Pack Vendor :STMicroelectronics FP-SNS-MOTENV1 4.3.1
2023-06-08 15:17:40,629 [INFO] ThirdParty:1030 - CMSIS Pack Vendor :STMicroelectronics FP-SNS-FLIGHT1 5.0.1
2023-06-08 15:17:40,630 [INFO] ThirdParty:1030 - CMSIS Pack Vendor :STMicroelectronics X-CUBE-ALGOBUILD 1.3.0
2023-06-08 15:17:40,630 [INFO] ThirdParty:1030 - CMSIS Pack Vendor :STMicroelectronics X-CUBE-BLE1 6.2.4
2023-06-08 15:17:40,630 [INFO] ThirdParty:1030 - CMSIS Pack Vendor :STMicroelectronics X-CUBE-AZRTOS-L5 1.1.0
2023-06-08 15:17:40,630 [INFO] ThirdParty:1030 - CMSIS Pack Vendor :STMicroelectronics FreeRTOS 0.0.1
2023-06-08 15:17:40,630 [INFO] ThirdParty:1030 - CMSIS Pack Vendor :STMicroelectronics X-CUBE-AZRTOS-G0 1.1.0
2023-06-08 15:17:40,630 [INFO] ThirdParty:1030 - CMSIS Pack Vendor :emotas I-CUBE-CANOPEN 1.1.3
2023-06-08 15:17:40,630 [INFO] ThirdParty:1030 - CMSIS Pack Vendor :STMicroelectronics X-CUBE-BLEMGR 2.0.0
2023-06-08 15:17:40,630 [INFO] ThirdParty:1030 - CMSIS Pack Vendor :STMicroelectronics X-CUBE-AI 8.0.1
2023-06-08 15:17:40,630 [INFO] ThirdParty:1030 - CMSIS Pack Vendor :STMicroelectronics X-CUBE-NFC4 3.0.0
2023-06-08 15:17:40,630 [INFO] ThirdParty:1030 - CMSIS Pack Vendor :STMicroelectronics X-CUBE-SUBG2 5.0.0
2023-06-08 15:17:40,630 [INFO] ThirdParty:1030 - CMSIS Pack Vendor :STMicroelectronics STM32_WPAN 1.0.0
2023-06-08 15:17:40,630 [INFO] ThirdParty:1030 - CMSIS Pack Vendor :STMicroelectronics lwIP 2.0.3
2023-06-08 15:17:40,630 [INFO] ThirdParty:1030 - CMSIS Pack Vendor :STMicroelectronics USB_HOST 1.0.0
2023-06-08 15:17:40,630 [INFO] ThirdParty:1030 - CMSIS Pack Vendor :STMicroelectronics X-CUBE-AZRTOS-G4 2.0.0
2023-06-08 15:17:40,630 [INFO] ThirdParty:1030 - CMSIS Pack Vendor :STMicroelectronics PDM2PCM 3.1.0
2023-06-08 15:17:40,630 [INFO] ThirdParty:1030 - CMSIS Pack Vendor :STMicroelectronics X-CUBE-AZRTOS-H7 3.1.0
2023-06-08 15:17:40,630 [INFO] ThirdParty:1030 - CMSIS Pack Vendor :STMicroelectronics X-CUBE-TOF1 3.3.0
2023-06-08 15:17:40,630 [INFO] ThirdParty:1030 - CMSIS Pack Vendor :STMicroelectronics PDM2PCM 3.3.0
2023-06-08 15:17:40,630 [INFO] ThirdParty:1030 - CMSIS Pack Vendor :STMicroelectronics X-CUBE-DISPLAY 3.0.0
2023-06-08 15:17:40,631 [INFO] ThirdParty:1030 - CMSIS Pack Vendor :STMicroelectronics FP-ATR-SIGFOX1 3.2.0
2023-06-08 15:17:40,631 [INFO] ThirdParty:1030 - CMSIS Pack Vendor :STMicroelectronics X-CUBE-AZRTOS-L4 1.0.0
2023-06-08 15:17:40,631 [INFO] ThirdParty:1030 - CMSIS Pack Vendor :STMicroelectronics HAL Drivers 0.0.0
2023-06-08 15:17:40,631 [INFO] ThirdParty:1030 - CMSIS Pack Vendor :STMicroelectronics MBEDTLS 2.16.2
2023-06-08 15:17:40,631 [INFO] ThirdParty:1030 - CMSIS Pack Vendor :STMicroelectronics MBEDTLS 2.14.1
2023-06-08 15:17:40,631 [INFO] ThirdParty:1030 - CMSIS Pack Vendor :STMicroelectronics X-CUBE-NFC7 1.0.0
2023-06-08 15:17:40,631 [INFO] ThirdParty:1030 - CMSIS Pack Vendor :STMicroelectronics X-CUBE-AZRTOS-WL 1.0.0
2023-06-08 15:17:40,631 [INFO] ThirdParty:1030 - CMSIS Pack Vendor :STMicroelectronics X-CUBE-EEPRMA1 4.1.0
2023-06-08 15:17:40,631 [INFO] ThirdParty:1030 - CMSIS Pack Vendor :portGmbH I-Cube-SoM-uGOAL 1.1.0
2023-06-08 15:17:40,631 [INFO] ThirdParty:1030 - CMSIS Pack Vendor :STMicroelectronics X-CUBE-ALS 1.0.1
2023-06-08 15:17:40,631 [INFO] ThirdParty:1030 - CMSIS Pack Vendor :STMicroelectronics ThreadX 1.0.0
2023-06-08 15:17:40,632 [INFO] ThirdParty:1030 - CMSIS Pack Vendor :STMicroelectronics X-CUBE-AZRTOS-WB 1.1.0
2023-06-08 15:17:40,632 [INFO] ThirdParty:1030 - CMSIS Pack Vendor :STMicroelectronics X-CUBE-AZRTOS-WL 2.0.0
2023-06-08 15:17:40,632 [INFO] ThirdParty:1030 - CMSIS Pack Vendor :SEGGER I-CUBE-embOS 1.3.1
2023-06-08 15:17:40,632 [INFO] ThirdParty:1030 - CMSIS Pack Vendor :STMicroelectronics USB_DEVICE 1.0.0
2023-06-08 15:17:40,632 [INFO] ThirdParty:1030 - CMSIS Pack Vendor :STMicroelectronics X-CUBE-AZRTOS-L4 2.0.0
2023-06-08 15:17:40,632 [INFO] ThirdParty:1030 - CMSIS Pack Vendor :STMicroelectronics ThreadX 0.0.2
2023-06-08 15:17:40,632 [INFO] ThirdParty:1030 - CMSIS Pack Vendor :WES I-CUBE-Cesium 1.3.0
2023-06-08 15:17:40,632 [INFO] ThirdParty:1030 - CMSIS Pack Vendor :STMicroelectronics FP-ATR-ASTRA1 2.0.0
2023-06-08 15:17:40,632 [INFO] ThirdParty:1030 - CMSIS Pack Vendor :STMicroelectronics lwIP 2.1.2
2023-06-08 15:17:40,632 [INFO] ThirdParty:1030 - CMSIS Pack Vendor :STMicroelectronics X-CUBE-SFXS2LP1 4.0.0
2023-06-08 15:17:40,632 [INFO] ThirdParty:1030 - CMSIS Pack Vendor :STMicroelectronics X-CUBE-BLE2 3.3.0
2023-06-08 15:17:40,632 [INFO] ThirdParty:1030 - CMSIS Pack Vendor :STMicroelectronics PDM2PCM 3.2.0
2023-06-08 15:17:40,633 [INFO] ThirdParty:841 - exiting critical section [change project]
2023-06-08 15:17:40,932 [INFO] PinOutPanel:1499 - setPackage(No Configuration,No Configuration)
2023-06-08 15:17:40,934 [INFO] PinOutPanel:1499 - setPackage(STM32F051R8Tx,LQFP64)
2023-06-08 15:17:41,559 [INFO] UtilMem:75 - Before build in PCC Used Memory: 219470568 Bytes (306184192)
2023-06-08 15:17:42,215 [INFO] UtilMem:75 - After build in PCC Used Memory: 245529200 Bytes (306184192)
2023-06-08 15:17:42,254 [INFO] IPUIPlugin:80 - create IPUIPlugin
2023-06-08 15:17:42,254 [INFO] IPUIPlugin:80 - create IPUIPlugin
2023-06-08 15:17:42,255 [INFO] IPUIPlugin:80 - create IPUIPlugin
2023-06-08 15:17:42,255 [INFO] IPUIPlugin:80 - create IPUIPlugin
2023-06-08 15:17:42,255 [INFO] IPUIPlugin:80 - create IPUIPlugin
2023-06-08 15:17:42,256 [INFO] IPUIPlugin:80 - create IPUIPlugin
2023-06-08 15:17:42,256 [INFO] IPUIPlugin:80 - create IPUIPlugin
2023-06-08 15:17:42,256 [INFO] IPUIPlugin:80 - create IPUIPlugin
2023-06-08 15:17:42,256 [INFO] IPUIPlugin:80 - create IPUIPlugin
2023-06-08 15:17:42,256 [INFO] IPUIPlugin:80 - create IPUIPlugin
2023-06-08 15:17:42,257 [INFO] IPUIPlugin:80 - create IPUIPlugin
2023-06-08 15:17:42,257 [INFO] IPUIPlugin:80 - create IPUIPlugin
2023-06-08 15:17:42,257 [INFO] IPUIPlugin:80 - create IPUIPlugin
2023-06-08 15:17:42,257 [INFO] IPUIPlugin:80 - create IPUIPlugin
2023-06-08 15:17:42,258 [INFO] IPUIPlugin:80 - create IPUIPlugin
2023-06-08 15:17:42,258 [INFO] IPUIPlugin:80 - create IPUIPlugin
2023-06-08 15:17:42,258 [INFO] IPUIPlugin:80 - create IPUIPlugin
2023-06-08 15:17:42,259 [INFO] IPUIPlugin:80 - create IPUIPlugin
2023-06-08 15:17:42,259 [INFO] IPUIPlugin:80 - create IPUIPlugin
2023-06-08 15:17:42,259 [INFO] IPUIPlugin:80 - create IPUIPlugin
2023-06-08 15:17:42,259 [INFO] IPUIPlugin:80 - create IPUIPlugin
2023-06-08 15:17:42,259 [INFO] IPUIPlugin:80 - create IPUIPlugin
2023-06-08 15:17:42,260 [INFO] IPUIPlugin:80 - create IPUIPlugin
2023-06-08 15:17:42,260 [INFO] IPUIPlugin:80 - create IPUIPlugin
2023-06-08 15:17:42,260 [INFO] IPUIPlugin:80 - create IPUIPlugin
2023-06-08 15:17:42,260 [INFO] IPUIPlugin:80 - create IPUIPlugin
2023-06-08 15:17:42,260 [INFO] IPUIPlugin:80 - create IPUIPlugin
2023-06-08 15:17:42,260 [INFO] IPUIPlugin:80 - create IPUIPlugin
2023-06-08 15:17:42,261 [INFO] IPUIPlugin:80 - create IPUIPlugin
2023-06-08 15:17:42,261 [INFO] IPUIPlugin:80 - create IPUIPlugin
2023-06-08 15:17:42,261 [INFO] IPUIPlugin:80 - create IPUIPlugin
2023-06-08 15:17:42,261 [INFO] IPUIPlugin:80 - create IPUIPlugin
2023-06-08 15:17:42,262 [INFO] IPUIPlugin:80 - create IPUIPlugin
2023-06-08 15:17:42,262 [INFO] IPUIPlugin:80 - create IPUIPlugin
2023-06-08 15:17:42,540 [INFO] CADModel:165 - CPN selected for project levelSTM32F051R8T6
2023-06-08 15:17:42,540 [INFO] CADModel:114 - Register for checkConnection events
2023-06-08 15:17:42,581 [INFO] OpenFileManager:328 - Restore cursor
2023-06-08 15:49:53,395 [INFO] Activator:176 - 


2023-06-08 15:49:53,399 [INFO] Activator:177 - !SESSION log4j initialized
2023-06-08 15:49:59,565 [ERROR] LogOutputStream:75 - [STDERR_REDIRECT] 
2023-06-08 15:50:00,651 [INFO] LogOutputStream:77 - [STDOUT_REDIRECT] 
2023-06-08 15:50:02,429 [INFO] LogOutputStream:77 - [STDOUT_REDIRECT] 
2023-06-08 15:50:24,710 [ERROR] LogOutputStream:75 - [STDERR_REDIRECT] SLF4J: Failed to load class "org.slf4j.impl.StaticLoggerBinder".
2023-06-08 15:50:24,711 [ERROR] LogOutputStream:75 - [STDERR_REDIRECT] SLF4J: Defaulting to no-operation (NOP) logger implementation
2023-06-08 15:50:24,711 [ERROR] LogOutputStream:75 - [STDERR_REDIRECT] SLF4J: See http://www.slf4j.org/codes.html#StaticLoggerBinder for further details.
