2023-06-09 10:03:46,700 [INFO] Activator:176 - 


2023-06-09 10:03:46,705 [INFO] Activator:177 - !SESSION log4j initialized
2023-06-09 10:03:50,539 [ERROR] LogOutputStream:75 - [STDERR_REDIRECT] 
2023-06-09 10:03:51,121 [INFO] LogOutputStream:77 - [STDOUT_REDIRECT] 
2023-06-09 10:03:53,071 [INFO] LogOutputStream:77 - [STDOUT_REDIRECT] 
2023-06-09 10:04:14,078 [ERROR] LogOutputStream:75 - [STDERR_REDIRECT] SLF4J: Failed to load class "org.slf4j.impl.StaticLoggerBinder".
2023-06-09 10:04:14,079 [ERROR] LogOutputStream:75 - [STDERR_REDIRECT] SLF4J: Defaulting to no-operation (NOP) logger implementation
2023-06-09 10:04:14,079 [ERROR] LogOutputStream:75 - [STDERR_REDIRECT] SLF4J: See http://www.slf4j.org/codes.html#StaticLoggerBinder for further details.
2023-06-09 10:06:51,925 [INFO] Activator:176 - 


2023-06-09 10:06:51,927 [INFO] Activator:177 - !SESSION log4j initialized
2023-06-09 10:06:55,864 [ERROR] LogOutputStream:75 - [STDERR_REDIRECT] 
2023-06-09 10:06:56,277 [INFO] LogOutputStream:77 - [STDOUT_REDIRECT] 
2023-06-09 10:06:57,876 [INFO] LogOutputStream:77 - [STDOUT_REDIRECT] 
2023-06-09 10:07:18,956 [ERROR] LogOutputStream:75 - [STDERR_REDIRECT] SLF4J: Failed to load class "org.slf4j.impl.StaticLoggerBinder".
2023-06-09 10:07:18,957 [ERROR] LogOutputStream:75 - [STDERR_REDIRECT] SLF4J: Defaulting to no-operation (NOP) logger implementation
2023-06-09 10:07:18,957 [ERROR] LogOutputStream:75 - [STDERR_REDIRECT] SLF4J: See http://www.slf4j.org/codes.html#StaticLoggerBinder for further details.
2023-06-09 10:40:09,508 [INFO] Activator:176 - 


2023-06-09 10:40:09,510 [INFO] Activator:177 - !SESSION log4j initialized
2023-06-09 10:40:13,689 [ERROR] LogOutputStream:75 - [STDERR_REDIRECT] 
2023-06-09 10:40:14,441 [INFO] LogOutputStream:77 - [STDOUT_REDIRECT] 
2023-06-09 10:40:15,978 [INFO] LogOutputStream:77 - [STDOUT_REDIRECT] 
2023-06-09 10:40:37,239 [ERROR] LogOutputStream:75 - [STDERR_REDIRECT] SLF4J: Failed to load class "org.slf4j.impl.StaticLoggerBinder".
2023-06-09 10:40:37,240 [ERROR] LogOutputStream:75 - [STDERR_REDIRECT] SLF4J: Defaulting to no-operation (NOP) logger implementation
2023-06-09 10:40:37,241 [ERROR] LogOutputStream:75 - [STDERR_REDIRECT] SLF4J: See http://www.slf4j.org/codes.html#StaticLoggerBinder for further details.
2023-06-09 11:06:04,469 [INFO] Activator:176 - 


2023-06-09 11:06:04,473 [INFO] Activator:177 - !SESSION log4j initialized
2023-06-09 11:06:08,718 [ERROR] LogOutputStream:75 - [STDERR_REDIRECT] 
2023-06-09 11:06:09,314 [INFO] LogOutputStream:77 - [STDOUT_REDIRECT] 
2023-06-09 11:06:12,148 [INFO] LogOutputStream:77 - [STDOUT_REDIRECT] 
2023-06-09 11:06:33,262 [ERROR] LogOutputStream:75 - [STDERR_REDIRECT] SLF4J: Failed to load class "org.slf4j.impl.StaticLoggerBinder".
2023-06-09 11:06:33,263 [ERROR] LogOutputStream:75 - [STDERR_REDIRECT] SLF4J: Defaulting to no-operation (NOP) logger implementation
2023-06-09 11:06:33,263 [ERROR] LogOutputStream:75 - [STDERR_REDIRECT] SLF4J: See http://www.slf4j.org/codes.html#StaticLoggerBinder for further details.
2023-06-09 12:44:40,187 [INFO] Activator:176 - 


2023-06-09 12:44:40,191 [INFO] Activator:177 - !SESSION log4j initialized
2023-06-09 12:44:44,647 [ERROR] LogOutputStream:75 - [STDERR_REDIRECT] 
2023-06-09 12:44:45,378 [INFO] LogOutputStream:77 - [STDOUT_REDIRECT] 
2023-06-09 12:44:47,267 [INFO] LogOutputStream:77 - [STDOUT_REDIRECT] 
2023-06-09 12:45:08,684 [ERROR] LogOutputStream:75 - [STDERR_REDIRECT] SLF4J: Failed to load class "org.slf4j.impl.StaticLoggerBinder".
2023-06-09 12:45:08,685 [ERROR] LogOutputStream:75 - [STDERR_REDIRECT] SLF4J: Defaulting to no-operation (NOP) logger implementation
2023-06-09 12:45:08,685 [ERROR] LogOutputStream:75 - [STDERR_REDIRECT] SLF4J: See http://www.slf4j.org/codes.html#StaticLoggerBinder for further details.
2023-06-09 13:49:01,335 [INFO] Activator:176 - 


2023-06-09 13:49:01,337 [INFO] Activator:177 - !SESSION log4j initialized
2023-06-09 13:49:07,516 [ERROR] LogOutputStream:75 - [STDERR_REDIRECT] 
2023-06-09 13:49:08,805 [INFO] LogOutputStream:77 - [STDOUT_REDIRECT] 
2023-06-09 13:49:11,548 [INFO] LogOutputStream:77 - [STDOUT_REDIRECT] 
2023-06-09 13:49:32,731 [ERROR] LogOutputStream:75 - [STDERR_REDIRECT] SLF4J: Failed to load class "org.slf4j.impl.StaticLoggerBinder".
2023-06-09 13:49:32,732 [ERROR] LogOutputStream:75 - [STDERR_REDIRECT] SLF4J: Defaulting to no-operation (NOP) logger implementation
2023-06-09 13:49:32,732 [ERROR] LogOutputStream:75 - [STDERR_REDIRECT] SLF4J: See http://www.slf4j.org/codes.html#StaticLoggerBinder for further details.
